Determining if the pthread_create exist failed with the following output:
Change Dir: /home/chrisgsk/Downloads/TDT4195-Grunnleggende-visuell-databehandling/build/CMakeFiles/CMakeTmp

Run Build Command(s):/usr/bin/gmake cmTC_a60ef/fast 
/usr/bin/gmake -f CMakeFiles/cmTC_a60ef.dir/build.make CMakeFiles/cmTC_a60ef.dir/build
gmake[1]: Entering directory '/home/chrisgsk/Downloads/TDT4195-Grunnleggende-visuell-databehandling/build/CMakeFiles/CMakeTmp'
Building C object CMakeFiles/cmTC_a60ef.dir/CheckSymbolExists.c.o
/usr/bin/cc    -o CMakeFiles/cmTC_a60ef.dir/CheckSymbolExists.c.o   -c /home/chrisgsk/Downloads/TDT4195-Grunnleggende-visuell-databehandling/build/CMakeFiles/CMakeTmp/CheckSymbolExists.c
Linking C executable cmTC_a60ef
/usr/bin/cmake -E cmake_link_script CMakeFiles/cmTC_a60ef.dir/link.txt --verbose=1
/usr/bin/cc      -rdynamic CMakeFiles/cmTC_a60ef.dir/CheckSymbolExists.c.o  -o cmTC_a60ef 
/usr/bin/ld: CMakeFiles/cmTC_a60ef.dir/CheckSymbolExists.c.o: in function `main':
CheckSymbolExists.c:(.text+0x16): undefined reference to `pthread_create'
collect2: error: ld returned 1 exit status
gmake[1]: *** [CMakeFiles/cmTC_a60ef.dir/build.make:87: cmTC_a60ef] Error 1
gmake[1]: Leaving directory '/home/chrisgsk/Downloads/TDT4195-Grunnleggende-visuell-databehandling/build/CMakeFiles/CMakeTmp'
gmake: *** [Makefile:121: cmTC_a60ef/fast] Error 2

File /home/chrisgsk/Downloads/TDT4195-Grunnleggende-visuell-databehandling/build/CMakeFiles/CMakeTmp/CheckSymbolExists.c:
/* */
#include <pthread.h>

int main(int argc, char** argv)
{
  (void)argv;
#ifndef pthread_create
  return ((int*)(&pthread_create))[argc];
#else
  (void)argc;
  return 0;
#endif
}

Determining if the function pthread_create exists in the pthreads failed with the following output:
Change Dir: /home/chrisgsk/Downloads/TDT4195-Grunnleggende-visuell-databehandling/build/CMakeFiles/CMakeTmp

Run Build Command(s):/usr/bin/gmake cmTC_90cc5/fast 
/usr/bin/gmake -f CMakeFiles/cmTC_90cc5.dir/build.make CMakeFiles/cmTC_90cc5.dir/build
gmake[1]: Entering directory '/home/chrisgsk/Downloads/TDT4195-Grunnleggende-visuell-databehandling/build/CMakeFiles/CMakeTmp'
Building C object CMakeFiles/cmTC_90cc5.dir/CheckFunctionExists.c.o
/usr/bin/cc   -DCHECK_FUNCTION_EXISTS=pthread_create   -o CMakeFiles/cmTC_90cc5.dir/CheckFunctionExists.c.o   -c /usr/share/cmake/Modules/CheckFunctionExists.c
Linking C executable cmTC_90cc5
/usr/bin/cmake -E cmake_link_script CMakeFiles/cmTC_90cc5.dir/link.txt --verbose=1
/usr/bin/cc  -DCHECK_FUNCTION_EXISTS=pthread_create    -rdynamic CMakeFiles/cmTC_90cc5.dir/CheckFunctionExists.c.o  -o cmTC_90cc5 -lpthreads 
/usr/bin/ld: cannot find -lpthreads
collect2: error: ld returned 1 exit status
gmake[1]: *** [CMakeFiles/cmTC_90cc5.dir/build.make:87: cmTC_90cc5] Error 1
gmake[1]: Leaving directory '/home/chrisgsk/Downloads/TDT4195-Grunnleggende-visuell-databehandling/build/CMakeFiles/CMakeTmp'
gmake: *** [Makefile:121: cmTC_90cc5/fast] Error 2


